INFO:root:Start downloading YouTube videos.
ERROR:root:Failed downloading: https://www.youtube.com/watch?v=0UsjUE-TXns
ERROR:root:Failed downloading: https://www.youtube.com/watch?v=1QOYOZ3g-aY
ERROR:root:Failed downloading: https://www.youtube.com/watch?v=aGtIHKEdCds
ERROR:root:Failed downloading: https://www.youtube.com/watch?v=hjS0dQDgbjo
ERROR:root:Failed downloading: https://www.youtube.com/watch?v=WGfiiDgrq1I
ERROR:root:Failed downloading: https://youtu.be/3-GrhsVs830
ERROR:root:Failed downloading: https://www.youtube.com/watch?v=Kwvw-K6GYW8
ERROR:root:Failed downloading: https://www.youtube.com/watch?v=XjWSfh50kAU
ERROR:root:Failed downloading: https://www.youtube.com/watch?v=F5Wef1_PtLk
ERROR:root:Failed downloading: https://www.youtube.com/watch?v=HZMTQJdBZ9g
ERROR:root:Failed downloading: https://www.youtube.com/watch?v=KRc_WYI1DgA
ERROR:root:Failed downloading: https://www.youtube.com/watch?v=Lk2Vws8homw
ERROR:root:Failed downloading: https://www.youtube.com/watch?v=Nc7rSopCpI8
ERROR:root:Failed downloading: https://www.youtube.com/watch?v=537MWOtCl78
ERROR:root:Failed downloading: https://www.youtube.com/watch?v=6gU3Ln98sWA
ERROR:root:Failed downloading: https://www.youtube.com/watch?v=Ddd2ZZNFhVI
ERROR:root:Failed downloading: https://www.youtube.com/watch?v=g3rl9_LYqzI
ERROR:root:Failed downloading: https://www.youtube.com/watch?v=i0opsQ2zB1Q
ERROR:root:Failed downloading: https://www.youtube.com/watch?v=k6cNmM9WgUs
ERROR:root:Failed downloading: https://www.youtube.com/watch?v=LqJM7wcUixQ
ERROR:root:Failed downloading: https://youtu.be/yawcLQIhQiE
ERROR:root:Failed downloading: https://www.youtube.com/watch?v=PPmQd2zWdP0
ERROR:root:Failed downloading: https://www.youtube.com/watch?v=H-tAzh-nuV8
ERROR:root:Failed downloading: https://www.youtube.com/watch?v=YEFd7zsUNXU
ERROR:root:Failed downloading: https://www.youtube.com/watch?v=97IwdVSOQho
ERROR:root:Failed downloading: https://www.youtube.com/watch?v=cujhpwWi1yY
ERROR:root:Failed downloading: https://www.youtube.com/watch?v=fY11M3Dxxx0
ERROR:root:Failed downloading: https://www.youtube.com/watch?v=lVo6MByRMHY
ERROR:root:Failed downloading: https://www.youtube.com/watch?v=-_RSZM-lLXE
ERROR:root:Failed downloading: https://www.youtube.com/watch?v=vK4GwJaDcWU
ERROR:root:Failed downloading: https://www.youtube.com/watch?v=-wmqgdmwySo
ERROR:root:Failed downloading: https://youtu.be/u1xoXux2NaE
ERROR:root:Failed downloading: https://www.youtube.com/watch?v=pDqITge_TGs
ERROR:root:Failed downloading: https://www.youtube.com/watch?v=bq-HmgjGzmw
ERROR:root:Failed downloading: https://www.youtube.com/watch?v=IYH-gBXXl8I
ERROR:root:Failed downloading: https://www.youtube.com/watch?v=MvtVsr3P098
ERROR:root:Failed downloading: https://www.youtube.com/watch?v=PeO4kaKvoVM
ERROR:root:Failed downloading: https://www.youtube.com/watch?v=TQMe2WDz9QE
ERROR:root:Failed downloading: https://www.youtube.com/watch?v=PPmQd2zWdP0
ERROR:root:Failed downloading: https://www.youtube.com/watch?v=4Nh1iFv2BMc
ERROR:root:Failed downloading: https://www.youtube.com/watch?v=j2hvnGiBrRI
ERROR:root:Failed downloading: https://www.youtube.com/watch?v=WGfiiDgrq1I
ERROR:root:Failed downloading: https://www.youtube.com/watch?v=zICB0wesqvY
ERROR:root:Failed downloading: https://www.youtube.com/watch?v=8vc2vD9N4tk
ERROR:root:Failed downloading: https://www.youtube.com/watch?v=dXz1i9gTR4w
ERROR:root:Failed downloading: https://youtu.be/K47c4lIJQvI
ERROR:root:Failed downloading: https://www.youtube.com/watch?v=YdHKN_wHZqo
ERROR:root:Failed downloading: https://www.youtube.com/watch?v=7IkKMzvSsFM
ERROR:root:Failed downloading: https://www.youtube.com/watch?v=jknOnIhAbNo
ERROR:root:Failed downloading: https://www.youtube.com/watch?v=ZEyH-t5ALCs
ERROR:root:Failed downloading: https://www.youtube.com/watch?v=ZEyH-t5ALCs
ERROR:root:Failed downloading: https://www.youtube.com/watch?v=ZyL9f_qoGug
ERROR:root:Failed downloading: https://youtu.be/QfVrSA3yrSc
ERROR:root:Failed downloading: https://www.youtube.com/watch?v=PPmQd2zWdP0
ERROR:root:Failed downloading: https://www.youtube.com/watch?v=RVnoNW53qFU
ERROR:root:Failed downloading: https://www.youtube.com/watch?v=Xmrvvk8l3_w
ERROR:root:Failed downloading: https://www.youtube.com/watch?v=06hMAkUdQgg
ERROR:root:Failed downloading: https://www.youtube.com/watch?v=15czV0-SagI
ERROR:root:Failed downloading: https://www.youtube.com/watch?v=mda48XkT9gQ
ERROR:root:Failed downloading: https://www.youtube.com/watch?v=A5dihMAjeTE
ERROR:root:Failed downloading: https://www.youtube.com/watch?v=SQUHKsHMUiw
ERROR:root:Failed downloading: https://www.youtube.com/watch?v=Xx8ZjswBRLY
ERROR:root:Failed downloading: https://www.youtube.com/watch?v=pBnGrdxhxHQ
ERROR:root:Failed downloading: https://www.youtube.com/watch?v=_V31e361KV8
ERROR:root:Failed downloading: https://youtu.be/gDkZ2Zn3Sjg
ERROR:root:Failed downloading: https://www.youtube.com/watch?v=dnDu1DxXWo4
ERROR:root:Failed downloading: https://www.youtube.com/watch?v=PPmQd2zWdP0
ERROR:root:Failed downloading: https://www.youtube.com/watch?v=LMQ4kaHPS48
ERROR:root:Failed downloading: https://www.youtube.com/watch?v=pc0-gVEETVg
ERROR:root:Failed downloading: https://www.youtube.com/watch?v=PfobLrBH5G8
ERROR:root:Failed downloading: https://youtu.be/kymMYu5qPhY
ERROR:root:Failed downloading: https://youtu.be/xK2QEO7Xld4
ERROR:root:Failed downloading: https://www.youtube.com/watch?v=EfJ4xLiX5IA
ERROR:root:Failed downloading: https://www.youtube.com/watch?v=nmD3uqyVAC0
ERROR:root:Failed downloading: https://www.youtube.com/watch?v=bq-HmgjGzmw
ERROR:root:Failed downloading: https://www.youtube.com/watch?v=jC6sHiZBEyI
ERROR:root:Failed downloading: https://youtu.be/mBNbzPNTVqk
ERROR:root:Failed downloading: https://www.youtube.com/watch?v=e9-jd3sf6us
ERROR:root:Failed downloading: https://www.youtube.com/watch?v=ChIupJBcxjs
ERROR:root:Failed downloading: https://www.youtube.com/watch?v=25ymRY7hbjs
ERROR:root:Failed downloading: https://www.youtube.com/watch?v=J9hiREjgVe0
ERROR:root:Failed downloading: https://www.youtube.com/watch?v=Qvn5RGyb0po
ERROR:root:Failed downloading: https://www.youtube.com/watch?v=sP4e9vRUCYM
ERROR:root:Failed downloading: https://www.youtube.com/watch?v=YsLUNOu9jXU
ERROR:root:Failed downloading: https://www.youtube.com/watch?v=5Dr7V1fbTFU
ERROR:root:Failed downloading: https://www.youtube.com/watch?v=IgT0jDp56ZM
ERROR:root:Failed downloading: https://www.youtube.com/watch?v=ofL3HMkLDOc
ERROR:root:Failed downloading: https://www.youtube.com/watch?v=4Nh1iFv2BMc
ERROR:root:Failed downloading: https://www.youtube.com/watch?v=Yey5VEZE-_g
ERROR:root:Failed downloading: https://www.youtube.com/watch?v=IuBUE7SH1Wk
ERROR:root:Failed downloading: https://www.youtube.com/watch?v=OHHKerxHJjQ
ERROR:root:Failed downloading: https://www.youtube.com/watch?v=YSTnrscx1UY
ERROR:root:Failed downloading: https://youtu.be/2RLybfKx4Js
ERROR:root:Failed downloading: https://youtu.be/lTp1ICCGCxA
ERROR:root:Failed downloading: https://www.youtube.com/watch?v=atyYSgDudAU
ERROR:root:Failed downloading: https://www.youtube.com/watch?v=SiBub8VD5wo
