INFO:root:Start downloading YouTube videos.
ERROR:root:Failed downloading: https://www.youtube.com/watch?v=0UsjUE-TXns
ERROR:root:Failed downloading: https://www.youtube.com/watch?v=1QOYOZ3g-aY
ERROR:root:Failed downloading: https://www.youtube.com/watch?v=aGtIHKEdCds
ERROR:root:Failed downloading: https://www.youtube.com/watch?v=hjS0dQDgbjo
ERROR:root:Failed downloading: https://www.youtube.com/watch?v=WGfiiDgrq1I
ERROR:root:Failed downloading: https://youtu.be/3-GrhsVs830
ERROR:root:Failed downloading: https://www.youtube.com/watch?v=Kwvw-K6GYW8
ERROR:root:Failed downloading: https://www.youtube.com/watch?v=XjWSfh50kAU
ERROR:root:Failed downloading: https://www.youtube.com/watch?v=F5Wef1_PtLk
ERROR:root:Failed downloading: https://www.youtube.com/watch?v=HZMTQJdBZ9g
ERROR:root:Failed downloading: https://www.youtube.com/watch?v=KRc_WYI1DgA
ERROR:root:Failed downloading: https://www.youtube.com/watch?v=Lk2Vws8homw
ERROR:root:Failed downloading: https://www.youtube.com/watch?v=Nc7rSopCpI8
ERROR:root:Failed downloading: https://www.youtube.com/watch?v=537MWOtCl78
ERROR:root:Failed downloading: https://www.youtube.com/watch?v=6gU3Ln98sWA
ERROR:root:Failed downloading: https://www.youtube.com/watch?v=Ddd2ZZNFhVI
ERROR:root:Failed downloading: https://www.youtube.com/watch?v=g3rl9_LYqzI
ERROR:root:Failed downloading: https://www.youtube.com/watch?v=i0opsQ2zB1Q
ERROR:root:Failed downloading: https://www.youtube.com/watch?v=k6cNmM9WgUs
ERROR:root:Failed downloading: https://www.youtube.com/watch?v=LqJM7wcUixQ
ERROR:root:Failed downloading: https://youtu.be/yawcLQIhQiE
ERROR:root:Failed downloading: https://www.youtube.com/watch?v=PPmQd2zWdP0
ERROR:root:Failed downloading: https://www.youtube.com/watch?v=H-tAzh-nuV8
ERROR:root:Failed downloading: https://www.youtube.com/watch?v=YEFd7zsUNXU
ERROR:root:Failed downloading: https://www.youtube.com/watch?v=97IwdVSOQho
ERROR:root:Failed downloading: https://www.youtube.com/watch?v=cujhpwWi1yY
ERROR:root:Failed downloading: https://www.youtube.com/watch?v=fY11M3Dxxx0
ERROR:root:Failed downloading: https://www.youtube.com/watch?v=lVo6MByRMHY
ERROR:root:Failed downloading: https://www.youtube.com/watch?v=-_RSZM-lLXE
ERROR:root:Failed downloading: https://www.youtube.com/watch?v=vK4GwJaDcWU
ERROR:root:Failed downloading: https://www.youtube.com/watch?v=-wmqgdmwySo
ERROR:root:Failed downloading: https://youtu.be/u1xoXux2NaE
ERROR:root:Failed downloading: https://www.youtube.com/watch?v=pDqITge_TGs
ERROR:root:Failed downloading: https://www.youtube.com/watch?v=bq-HmgjGzmw
ERROR:root:Failed downloading: https://www.youtube.com/watch?v=IYH-gBXXl8I
ERROR:root:Failed downloading: https://www.youtube.com/watch?v=MvtVsr3P098
ERROR:root:Failed downloading: https://www.youtube.com/watch?v=PeO4kaKvoVM
ERROR:root:Failed downloading: https://www.youtube.com/watch?v=TQMe2WDz9QE
ERROR:root:Failed downloading: https://www.youtube.com/watch?v=PPmQd2zWdP0
ERROR:root:Failed downloading: https://www.youtube.com/watch?v=4Nh1iFv2BMc
ERROR:root:Failed downloading: https://www.youtube.com/watch?v=j2hvnGiBrRI
ERROR:root:Failed downloading: https://www.youtube.com/watch?v=WGfiiDgrq1I
ERROR:root:Failed downloading: https://www.youtube.com/watch?v=zICB0wesqvY
ERROR:root:Failed downloading: https://www.youtube.com/watch?v=8vc2vD9N4tk
